[2025-12-11 11:25:44] ERROR: Exception calling "ReadKey" with "1" argument(s): "The Win32 internal error "The parameter is incorrect" 0x57 occurred while setting the console mode. Contact Microsoft Customer Support Services."
[2025-12-11 11:25:57] ERROR: Exception calling "ReadKey" with "1" argument(s): "The Win32 internal error "The parameter is incorrect" 0x57 occurred while setting the console mode. Contact Microsoft Customer Support Services."
[2025-12-11 11:45:07] ERROR: Exception calling "ReadKey" with "1" argument(s): "The Win32 internal error "The parameter is incorrect" 0x57 occurred while setting the console mode. Contact Microsoft Customer Support Services."
[2025-12-11 12:12:30] ERROR: The property 'Children' cannot be found on this object. Verify that the property exists.
[2025-12-11 12:15:34] ERROR: The process cannot access the file 'C:\Users\cmand\OneDrive\Desktop\cmd\termUIPrograms\tagScanner\_bin\_debug\logs\menu-frame.log' because it is being used by another process.
[2025-12-11 12:24:25] ERROR: Script execution failed: The term 'C:\Users\cmand\OneDrive\Desktop\cmd\termUIPrograms\tagScanner\config' is not recognized as the name of a cmdlet, function, script file, or operable program. Check the spelling of the name, or if a path was included, verify that the path is correct and try again.
[2025-12-11 12:28:41] ERROR: Script execution failed: At C:\Users\cmand\OneDrive\Desktop\cmd\termUIPrograms\tagScanner\powershell\modules\TagScanner.ps1:75 char:56
+             $metaflacPath = (Test-Path $localMetaflac) ? $localMetafl ...
+                                                        ~
Unexpected token '?' in expression or statement.

At C:\Users\cmand\OneDrive\Desktop\cmd\termUIPrograms\tagScanner\powershell\modules\TagScanner.ps1:76 char:55
+             $taglibDllPath = (Test-Path $localTaglib) ? $localTaglib  ...
+                                                       ~
Unexpected token '?' in expression or statement.
[2025-12-11 12:28:44] ERROR: Script execution failed: At C:\Users\cmand\OneDrive\Desktop\cmd\termUIPrograms\tagScanner\powershell\modules\TagScanner.ps1:75 char:56
+             $metaflacPath = (Test-Path $localMetaflac) ? $localMetafl ...
+                                                        ~
Unexpected token '?' in expression or statement.

At C:\Users\cmand\OneDrive\Desktop\cmd\termUIPrograms\tagScanner\powershell\modules\TagScanner.ps1:76 char:55
+             $taglibDllPath = (Test-Path $localTaglib) ? $localTaglib  ...
+                                                       ~
Unexpected token '?' in expression or statement.
[2025-12-11 12:30:32] ERROR: Script execution failed: The Export-ModuleMember cmdlet can only be called from inside a module.
[2025-12-11 12:30:36] ERROR: Script execution failed: The Export-ModuleMember cmdlet can only be called from inside a module.
[2025-12-11 12:32:15] ERROR: Script execution failed: The property 'Description' cannot be found on this object. Verify that the property exists.
[2025-12-11 12:32:20] ERROR: Script execution failed: The property 'Description' cannot be found on this object. Verify that the property exists.
[2025-12-11 12:32:29] ERROR: Script execution failed: The property 'Description' cannot be found on this object. Verify that the property exists.
[2025-12-11 12:37:53] ERROR: Script not found: C:\Users\cmand\OneDrive\Desktop\cmd\termUIPrograms\tagScanner\powershell\..\buttons\mainUI\Read Tags\README.ps1
[2025-12-11 12:38:09] ERROR: Script execution failed: The term 'C:\Users\cmand\OneDrive\Desktop\cmd\termUIPrograms\powershell\modules\TagScanner.ps1' is not recognized as the name of a cmdlet, function, script file, or operable program. Check the spelling of the name, or if a path was included, verify that the path is correct and try again.
[2025-12-11 12:38:18] ERROR: Script execution failed: At C:\Users\cmand\OneDrive\Desktop\cmd\termUIPrograms\tagScanner\powershell\modules\TagScanner.ps1:231 char:27
+             Write-Host "  $TagType: $([string]::IsNullOrWhiteSpace($v ...
+                           ~~~~~~~~~
Variable reference is not valid. ':' was not followed by a valid variable name character. Consider using ${} to delimit the name.

At C:\Users\cmand\OneDrive\Desktop\cmd\termUIPrograms\tagScanner\powershell\modules\TagScanner.ps1:231 char:74
+ ... rite-Host "  $TagType: $([string]::IsNullOrWhiteSpace($val) ? '<none> ...
+                                                                 ~
Unexpected token '?' in expression or statement.

At C:\Users\cmand\OneDrive\Desktop\cmd\termUIPrograms\tagScanner\powershell\modules\TagScanner.ps1:289 char:31
+                 Write-Host "  $TagType: $([string]::IsNullOrWhiteSpac ...
+                               ~~~~~~~~~
Variable reference is not valid. ':' was not followed by a valid variable name character. Consider using ${} to delimit the name.

At C:\Users\cmand\OneDrive\Desktop\cmd\termUIPrograms\tagScanner\powershell\modules\TagScanner.ps1:289 char:78
+ ... rite-Host "  $TagType: $([string]::IsNullOrWhiteSpace($val) ? '<none> ...
+                                                                 ~
Unexpected token '?' in expression or statement.

At C:\Users\cmand\OneDrive\Desktop\cmd\termUIPrograms\tagScanner\powershell\modules\TagScanner.ps1:293 char:31
+                 Write-Host "  $TagType: <error> $_" -ForegroundColor  ...
+                               ~~~~~~~~~
Variable reference is not valid. ':' was not followed by a valid variable name character. Consider using ${} to delimit the name.
[2025-12-11 12:38:54] ERROR: Script execution failed: The property 'Description' cannot be found on this object. Verify that the property exists.
[2025-12-11 12:45:16] ERROR: At C:\Users\cmand\OneDrive\Desktop\cmd\termUIPrograms\tagScanner\powershell\InitializeButtons.ps1:112 char:23
+     ($mode -eq 'Read' ? "Display $name tag for files" : "Edit $name t ...
+                       ~
Unexpected token '?' in expression or statement.

At C:\Users\cmand\OneDrive\Desktop\cmd\termUIPrograms\tagScanner\powershell\InitializeButtons.ps1:112 char:22
+     ($mode -eq 'Read' ? "Display $name tag for files" : "Edit $name t ...
+                      ~
Missing closing ')' in expression.

At C:\Users\cmand\OneDrive\Desktop\cmd\termUIPrograms\tagScanner\powershell\InitializeButtons.ps1:103 char:24
+ function New-TagScript {
+                        ~
Missing closing '}' in statement block or type definition.

At C:\Users\cmand\OneDrive\Desktop\cmd\termUIPrograms\tagScanner\powershell\InitializeButtons.ps1:112 char:83
+ ... ? "Display $name tag for files" : "Edit $name tag for files") | Set-C ...
+                                                                 ~
Unexpected token ')' in expression or statement.

At C:\Users\cmand\OneDrive\Desktop\cmd\termUIPrograms\tagScanner\powershell\InitializeButtons.ps1:112 char:85
+ ... "Display $name tag for files" : "Edit $name tag for files") | Set-Con ...
+                                                                 ~
An empty pipe element is not allowed.

At C:\Users\cmand\OneDrive\Desktop\cmd\termUIPrograms\tagScanner\powershell\InitializeButtons.ps1:123 char:1
+ }
+ ~
Unexpected token '}' in expression or statement.
[2025-12-11 12:47:48] ERROR: Script execution failed: At C:\Users\cmand\OneDrive\Desktop\cmd\termUIPrograms\tagScanner\powershell\modules\TagScanner.ps1:561 char:60
+                     Write-Host ("  " + $Tag + ": " + ($val ?? '')) -F ...
+                                                            ~~
Unexpected token '??' in expression or statement.

At C:\Users\cmand\OneDrive\Desktop\cmd\termUIPrograms\tagScanner\powershell\modules\TagScanner.ps1:561 char:59
+                     Write-Host ("  " + $Tag + ": " + ($val ?? '')) -F ...
+                                                           ~
Missing closing ')' in expression.

At C:\Users\cmand\OneDrive\Desktop\cmd\termUIPrograms\tagScanner\powershell\modules\TagScanner.ps1:558 char:21
+                 try {
+                     ~
Missing closing '}' in statement block or type definition.

At C:\Users\cmand\OneDrive\Desktop\cmd\termUIPrograms\tagScanner\powershell\modules\TagScanner.ps1:561 char:65
+ ...                  Write-Host ("  " + $Tag + ": " + ($val ?? '')) -Fore ...
+                                                                  ~
The Try statement is missing its Catch or Finally block.

At C:\Users\cmand\OneDrive\Desktop\cmd\termUIPrograms\tagScanner\powershell\modules\TagScanner.ps1:557 char:38
+             if ($script:metaflacCmd) {
+                                      ~
Missing closing '}' in statement block or type definition.

At C:\Users\cmand\OneDrive\Desktop\cmd\termUIPrograms\tagScanner\powershell\modules\TagScanner.ps1:556 char:42
+         if ($file.Extension -eq '.flac') {
+                                          ~
Missing closing '}' in statement block or type definition.

At C:\Users\cmand\OneDrive\Desktop\cmd\termUIPrograms\tagScanner\powershell\modules\TagScanner.ps1:554 char:31
+     foreach ($file in $files) {
+                               ~
Missing closing '}' in statement block or type definition.

At C:\Users\cmand\OneDrive\Desktop\cmd\termUIPrograms\tagScanner\powershell\modules\TagScanner.ps1:544 char:28
+ function Start-ReadModeTag {
+                            ~
Missing closing '}' in statement block or type definition.

At C:\Users\cmand\OneDrive\Desktop\cmd\termUIPrograms\tagScanner\powershell\modules\TagScanner.ps1:561 char:65
+ ...                 Write-Host ("  " + $Tag + ": " + ($val ?? '')) -Foreg ...
+                                                                 ~
Unexpected token ')' in expression or statement.

At C:\Users\cmand\OneDrive\Desktop\cmd\termUIPrograms\tagScanner\powershell\modules\TagScanner.ps1:561 char:66
+ ...                Write-Host ("  " + $Tag + ": " + ($val ?? '')) -Foregr ...
+                                                                 ~
Unexpected token ')' in expression or statement.

Not all parse errors were reported.  Correct the reported errors and try again.
[2025-12-11 12:47:51] ERROR: Script execution failed: At C:\Users\cmand\OneDrive\Desktop\cmd\termUIPrograms\tagScanner\powershell\modules\TagScanner.ps1:561 char:60
+                     Write-Host ("  " + $Tag + ": " + ($val ?? '')) -F ...
+                                                            ~~
Unexpected token '??' in expression or statement.

At C:\Users\cmand\OneDrive\Desktop\cmd\termUIPrograms\tagScanner\powershell\modules\TagScanner.ps1:561 char:59
+                     Write-Host ("  " + $Tag + ": " + ($val ?? '')) -F ...
+                                                           ~
Missing closing ')' in expression.

At C:\Users\cmand\OneDrive\Desktop\cmd\termUIPrograms\tagScanner\powershell\modules\TagScanner.ps1:558 char:21
+                 try {
+                     ~
Missing closing '}' in statement block or type definition.

At C:\Users\cmand\OneDrive\Desktop\cmd\termUIPrograms\tagScanner\powershell\modules\TagScanner.ps1:561 char:65
+ ...                  Write-Host ("  " + $Tag + ": " + ($val ?? '')) -Fore ...
+                                                                  ~
The Try statement is missing its Catch or Finally block.

At C:\Users\cmand\OneDrive\Desktop\cmd\termUIPrograms\tagScanner\powershell\modules\TagScanner.ps1:557 char:38
+             if ($script:metaflacCmd) {
+                                      ~
Missing closing '}' in statement block or type definition.

At C:\Users\cmand\OneDrive\Desktop\cmd\termUIPrograms\tagScanner\powershell\modules\TagScanner.ps1:556 char:42
+         if ($file.Extension -eq '.flac') {
+                                          ~
Missing closing '}' in statement block or type definition.

At C:\Users\cmand\OneDrive\Desktop\cmd\termUIPrograms\tagScanner\powershell\modules\TagScanner.ps1:554 char:31
+     foreach ($file in $files) {
+                               ~
Missing closing '}' in statement block or type definition.

At C:\Users\cmand\OneDrive\Desktop\cmd\termUIPrograms\tagScanner\powershell\modules\TagScanner.ps1:544 char:28
+ function Start-ReadModeTag {
+                            ~
Missing closing '}' in statement block or type definition.

At C:\Users\cmand\OneDrive\Desktop\cmd\termUIPrograms\tagScanner\powershell\modules\TagScanner.ps1:561 char:65
+ ...                 Write-Host ("  " + $Tag + ": " + ($val ?? '')) -Foreg ...
+                                                                 ~
Unexpected token ')' in expression or statement.

At C:\Users\cmand\OneDrive\Desktop\cmd\termUIPrograms\tagScanner\powershell\modules\TagScanner.ps1:561 char:66
+ ...                Write-Host ("  " + $Tag + ": " + ($val ?? '')) -Foregr ...
+                                                                 ~
Unexpected token ')' in expression or statement.

Not all parse errors were reported.  Correct the reported errors and try again.
[2025-12-11 12:47:52] ERROR: Script execution failed: At C:\Users\cmand\OneDrive\Desktop\cmd\termUIPrograms\tagScanner\powershell\modules\TagScanner.ps1:561 char:60
+                     Write-Host ("  " + $Tag + ": " + ($val ?? '')) -F ...
+                                                            ~~
Unexpected token '??' in expression or statement.

At C:\Users\cmand\OneDrive\Desktop\cmd\termUIPrograms\tagScanner\powershell\modules\TagScanner.ps1:561 char:59
+                     Write-Host ("  " + $Tag + ": " + ($val ?? '')) -F ...
+                                                           ~
Missing closing ')' in expression.

At C:\Users\cmand\OneDrive\Desktop\cmd\termUIPrograms\tagScanner\powershell\modules\TagScanner.ps1:558 char:21
+                 try {
+                     ~
Missing closing '}' in statement block or type definition.

At C:\Users\cmand\OneDrive\Desktop\cmd\termUIPrograms\tagScanner\powershell\modules\TagScanner.ps1:561 char:65
+ ...                  Write-Host ("  " + $Tag + ": " + ($val ?? '')) -Fore ...
+                                                                  ~
The Try statement is missing its Catch or Finally block.

At C:\Users\cmand\OneDrive\Desktop\cmd\termUIPrograms\tagScanner\powershell\modules\TagScanner.ps1:557 char:38
+             if ($script:metaflacCmd) {
+                                      ~
Missing closing '}' in statement block or type definition.

At C:\Users\cmand\OneDrive\Desktop\cmd\termUIPrograms\tagScanner\powershell\modules\TagScanner.ps1:556 char:42
+         if ($file.Extension -eq '.flac') {
+                                          ~
Missing closing '}' in statement block or type definition.

At C:\Users\cmand\OneDrive\Desktop\cmd\termUIPrograms\tagScanner\powershell\modules\TagScanner.ps1:554 char:31
+     foreach ($file in $files) {
+                               ~
Missing closing '}' in statement block or type definition.

At C:\Users\cmand\OneDrive\Desktop\cmd\termUIPrograms\tagScanner\powershell\modules\TagScanner.ps1:544 char:28
+ function Start-ReadModeTag {
+                            ~
Missing closing '}' in statement block or type definition.

At C:\Users\cmand\OneDrive\Desktop\cmd\termUIPrograms\tagScanner\powershell\modules\TagScanner.ps1:561 char:65
+ ...                 Write-Host ("  " + $Tag + ": " + ($val ?? '')) -Foreg ...
+                                                                 ~
Unexpected token ')' in expression or statement.

At C:\Users\cmand\OneDrive\Desktop\cmd\termUIPrograms\tagScanner\powershell\modules\TagScanner.ps1:561 char:66
+ ...                Write-Host ("  " + $Tag + ": " + ($val ?? '')) -Foregr ...
+                                                                 ~
Unexpected token ')' in expression or statement.

Not all parse errors were reported.  Correct the reported errors and try again.
[2025-12-11 12:47:54] ERROR: Script execution failed: At C:\Users\cmand\OneDrive\Desktop\cmd\termUIPrograms\tagScanner\powershell\modules\TagScanner.ps1:561 char:60
+                     Write-Host ("  " + $Tag + ": " + ($val ?? '')) -F ...
+                                                            ~~
Unexpected token '??' in expression or statement.

At C:\Users\cmand\OneDrive\Desktop\cmd\termUIPrograms\tagScanner\powershell\modules\TagScanner.ps1:561 char:59
+                     Write-Host ("  " + $Tag + ": " + ($val ?? '')) -F ...
+                                                           ~
Missing closing ')' in expression.

At C:\Users\cmand\OneDrive\Desktop\cmd\termUIPrograms\tagScanner\powershell\modules\TagScanner.ps1:558 char:21
+                 try {
+                     ~
Missing closing '}' in statement block or type definition.

At C:\Users\cmand\OneDrive\Desktop\cmd\termUIPrograms\tagScanner\powershell\modules\TagScanner.ps1:561 char:65
+ ...                  Write-Host ("  " + $Tag + ": " + ($val ?? '')) -Fore ...
+                                                                  ~
The Try statement is missing its Catch or Finally block.

At C:\Users\cmand\OneDrive\Desktop\cmd\termUIPrograms\tagScanner\powershell\modules\TagScanner.ps1:557 char:38
+             if ($script:metaflacCmd) {
+                                      ~
Missing closing '}' in statement block or type definition.

At C:\Users\cmand\OneDrive\Desktop\cmd\termUIPrograms\tagScanner\powershell\modules\TagScanner.ps1:556 char:42
+         if ($file.Extension -eq '.flac') {
+                                          ~
Missing closing '}' in statement block or type definition.

At C:\Users\cmand\OneDrive\Desktop\cmd\termUIPrograms\tagScanner\powershell\modules\TagScanner.ps1:554 char:31
+     foreach ($file in $files) {
+                               ~
Missing closing '}' in statement block or type definition.

At C:\Users\cmand\OneDrive\Desktop\cmd\termUIPrograms\tagScanner\powershell\modules\TagScanner.ps1:544 char:28
+ function Start-ReadModeTag {
+                            ~
Missing closing '}' in statement block or type definition.

At C:\Users\cmand\OneDrive\Desktop\cmd\termUIPrograms\tagScanner\powershell\modules\TagScanner.ps1:561 char:65
+ ...                 Write-Host ("  " + $Tag + ": " + ($val ?? '')) -Foreg ...
+                                                                 ~
Unexpected token ')' in expression or statement.

At C:\Users\cmand\OneDrive\Desktop\cmd\termUIPrograms\tagScanner\powershell\modules\TagScanner.ps1:561 char:66
+ ...                Write-Host ("  " + $Tag + ": " + ($val ?? '')) -Foregr ...
+                                                                 ~
Unexpected token ')' in expression or statement.

Not all parse errors were reported.  Correct the reported errors and try again.
[2025-12-11 12:47:55] ERROR: Script execution failed: At C:\Users\cmand\OneDrive\Desktop\cmd\termUIPrograms\tagScanner\powershell\modules\TagScanner.ps1:561 char:60
+                     Write-Host ("  " + $Tag + ": " + ($val ?? '')) -F ...
+                                                            ~~
Unexpected token '??' in expression or statement.

At C:\Users\cmand\OneDrive\Desktop\cmd\termUIPrograms\tagScanner\powershell\modules\TagScanner.ps1:561 char:59
+                     Write-Host ("  " + $Tag + ": " + ($val ?? '')) -F ...
+                                                           ~
Missing closing ')' in expression.

At C:\Users\cmand\OneDrive\Desktop\cmd\termUIPrograms\tagScanner\powershell\modules\TagScanner.ps1:558 char:21
+                 try {
+                     ~
Missing closing '}' in statement block or type definition.

At C:\Users\cmand\OneDrive\Desktop\cmd\termUIPrograms\tagScanner\powershell\modules\TagScanner.ps1:561 char:65
+ ...                  Write-Host ("  " + $Tag + ": " + ($val ?? '')) -Fore ...
+                                                                  ~
The Try statement is missing its Catch or Finally block.

At C:\Users\cmand\OneDrive\Desktop\cmd\termUIPrograms\tagScanner\powershell\modules\TagScanner.ps1:557 char:38
+             if ($script:metaflacCmd) {
+                                      ~
Missing closing '}' in statement block or type definition.

At C:\Users\cmand\OneDrive\Desktop\cmd\termUIPrograms\tagScanner\powershell\modules\TagScanner.ps1:556 char:42
+         if ($file.Extension -eq '.flac') {
+                                          ~
Missing closing '}' in statement block or type definition.

At C:\Users\cmand\OneDrive\Desktop\cmd\termUIPrograms\tagScanner\powershell\modules\TagScanner.ps1:554 char:31
+     foreach ($file in $files) {
+                               ~
Missing closing '}' in statement block or type definition.

At C:\Users\cmand\OneDrive\Desktop\cmd\termUIPrograms\tagScanner\powershell\modules\TagScanner.ps1:544 char:28
+ function Start-ReadModeTag {
+                            ~
Missing closing '}' in statement block or type definition.

At C:\Users\cmand\OneDrive\Desktop\cmd\termUIPrograms\tagScanner\powershell\modules\TagScanner.ps1:561 char:65
+ ...                 Write-Host ("  " + $Tag + ": " + ($val ?? '')) -Foreg ...
+                                                                 ~
Unexpected token ')' in expression or statement.

At C:\Users\cmand\OneDrive\Desktop\cmd\termUIPrograms\tagScanner\powershell\modules\TagScanner.ps1:561 char:66
+ ...                Write-Host ("  " + $Tag + ": " + ($val ?? '')) -Foregr ...
+                                                                 ~
Unexpected token ')' in expression or statement.

Not all parse errors were reported.  Correct the reported errors and try again.
[2025-12-11 12:47:56] ERROR: Script execution failed: At C:\Users\cmand\OneDrive\Desktop\cmd\termUIPrograms\tagScanner\powershell\modules\TagScanner.ps1:561 char:60
+                     Write-Host ("  " + $Tag + ": " + ($val ?? '')) -F ...
+                                                            ~~
Unexpected token '??' in expression or statement.

At C:\Users\cmand\OneDrive\Desktop\cmd\termUIPrograms\tagScanner\powershell\modules\TagScanner.ps1:561 char:59
+                     Write-Host ("  " + $Tag + ": " + ($val ?? '')) -F ...
+                                                           ~
Missing closing ')' in expression.

At C:\Users\cmand\OneDrive\Desktop\cmd\termUIPrograms\tagScanner\powershell\modules\TagScanner.ps1:558 char:21
+                 try {
+                     ~
Missing closing '}' in statement block or type definition.

At C:\Users\cmand\OneDrive\Desktop\cmd\termUIPrograms\tagScanner\powershell\modules\TagScanner.ps1:561 char:65
+ ...                  Write-Host ("  " + $Tag + ": " + ($val ?? '')) -Fore ...
+                                                                  ~
The Try statement is missing its Catch or Finally block.

At C:\Users\cmand\OneDrive\Desktop\cmd\termUIPrograms\tagScanner\powershell\modules\TagScanner.ps1:557 char:38
+             if ($script:metaflacCmd) {
+                                      ~
Missing closing '}' in statement block or type definition.

At C:\Users\cmand\OneDrive\Desktop\cmd\termUIPrograms\tagScanner\powershell\modules\TagScanner.ps1:556 char:42
+         if ($file.Extension -eq '.flac') {
+                                          ~
Missing closing '}' in statement block or type definition.

At C:\Users\cmand\OneDrive\Desktop\cmd\termUIPrograms\tagScanner\powershell\modules\TagScanner.ps1:554 char:31
+     foreach ($file in $files) {
+                               ~
Missing closing '}' in statement block or type definition.

At C:\Users\cmand\OneDrive\Desktop\cmd\termUIPrograms\tagScanner\powershell\modules\TagScanner.ps1:544 char:28
+ function Start-ReadModeTag {
+                            ~
Missing closing '}' in statement block or type definition.

At C:\Users\cmand\OneDrive\Desktop\cmd\termUIPrograms\tagScanner\powershell\modules\TagScanner.ps1:561 char:65
+ ...                 Write-Host ("  " + $Tag + ": " + ($val ?? '')) -Foreg ...
+                                                                 ~
Unexpected token ')' in expression or statement.

At C:\Users\cmand\OneDrive\Desktop\cmd\termUIPrograms\tagScanner\powershell\modules\TagScanner.ps1:561 char:66
+ ...                Write-Host ("  " + $Tag + ": " + ($val ?? '')) -Foregr ...
+                                                                 ~
Unexpected token ')' in expression or statement.

Not all parse errors were reported.  Correct the reported errors and try again.
[2025-12-11 12:47:57] ERROR: Script execution failed: At C:\Users\cmand\OneDrive\Desktop\cmd\termUIPrograms\tagScanner\powershell\modules\TagScanner.ps1:561 char:60
+                     Write-Host ("  " + $Tag + ": " + ($val ?? '')) -F ...
+                                                            ~~
Unexpected token '??' in expression or statement.

At C:\Users\cmand\OneDrive\Desktop\cmd\termUIPrograms\tagScanner\powershell\modules\TagScanner.ps1:561 char:59
+                     Write-Host ("  " + $Tag + ": " + ($val ?? '')) -F ...
+                                                           ~
Missing closing ')' in expression.

At C:\Users\cmand\OneDrive\Desktop\cmd\termUIPrograms\tagScanner\powershell\modules\TagScanner.ps1:558 char:21
+                 try {
+                     ~
Missing closing '}' in statement block or type definition.

At C:\Users\cmand\OneDrive\Desktop\cmd\termUIPrograms\tagScanner\powershell\modules\TagScanner.ps1:561 char:65
+ ...                  Write-Host ("  " + $Tag + ": " + ($val ?? '')) -Fore ...
+                                                                  ~
The Try statement is missing its Catch or Finally block.

At C:\Users\cmand\OneDrive\Desktop\cmd\termUIPrograms\tagScanner\powershell\modules\TagScanner.ps1:557 char:38
+             if ($script:metaflacCmd) {
+                                      ~
Missing closing '}' in statement block or type definition.

At C:\Users\cmand\OneDrive\Desktop\cmd\termUIPrograms\tagScanner\powershell\modules\TagScanner.ps1:556 char:42
+         if ($file.Extension -eq '.flac') {
+                                          ~
Missing closing '}' in statement block or type definition.

At C:\Users\cmand\OneDrive\Desktop\cmd\termUIPrograms\tagScanner\powershell\modules\TagScanner.ps1:554 char:31
+     foreach ($file in $files) {
+                               ~
Missing closing '}' in statement block or type definition.

At C:\Users\cmand\OneDrive\Desktop\cmd\termUIPrograms\tagScanner\powershell\modules\TagScanner.ps1:544 char:28
+ function Start-ReadModeTag {
+                            ~
Missing closing '}' in statement block or type definition.

At C:\Users\cmand\OneDrive\Desktop\cmd\termUIPrograms\tagScanner\powershell\modules\TagScanner.ps1:561 char:65
+ ...                 Write-Host ("  " + $Tag + ": " + ($val ?? '')) -Foreg ...
+                                                                 ~
Unexpected token ')' in expression or statement.

At C:\Users\cmand\OneDrive\Desktop\cmd\termUIPrograms\tagScanner\powershell\modules\TagScanner.ps1:561 char:66
+ ...                Write-Host ("  " + $Tag + ": " + ($val ?? '')) -Foregr ...
+                                                                 ~
Unexpected token ')' in expression or statement.

Not all parse errors were reported.  Correct the reported errors and try again.
[2025-12-11 12:47:57] ERROR: Script not found: C:\Users\cmand\OneDrive\Desktop\cmd\termUIPrograms\tagScanner\powershell\..\buttons\mainUI\Read Mode\README.ps1
[2025-12-11 12:47:57] ERROR: Script not found: C:\Users\cmand\OneDrive\Desktop\cmd\termUIPrograms\tagScanner\powershell\..\buttons\mainUI\Read Mode\README.ps1
[2025-12-11 12:47:58] ERROR: Script not found: C:\Users\cmand\OneDrive\Desktop\cmd\termUIPrograms\tagScanner\powershell\..\buttons\mainUI\Read Mode\README.ps1
[2025-12-11 12:47:58] ERROR: Script not found: C:\Users\cmand\OneDrive\Desktop\cmd\termUIPrograms\tagScanner\powershell\..\buttons\mainUI\Read Mode\README.ps1
[2025-12-11 12:48:02] ERROR: Script execution failed: At C:\Users\cmand\OneDrive\Desktop\cmd\termUIPrograms\tagScanner\powershell\modules\TagScanner.ps1:561 char:60
+                     Write-Host ("  " + $Tag + ": " + ($val ?? '')) -F ...
+                                                            ~~
Unexpected token '??' in expression or statement.

At C:\Users\cmand\OneDrive\Desktop\cmd\termUIPrograms\tagScanner\powershell\modules\TagScanner.ps1:561 char:59
+                     Write-Host ("  " + $Tag + ": " + ($val ?? '')) -F ...
+                                                           ~
Missing closing ')' in expression.

At C:\Users\cmand\OneDrive\Desktop\cmd\termUIPrograms\tagScanner\powershell\modules\TagScanner.ps1:558 char:21
+                 try {
+                     ~
Missing closing '}' in statement block or type definition.

At C:\Users\cmand\OneDrive\Desktop\cmd\termUIPrograms\tagScanner\powershell\modules\TagScanner.ps1:561 char:65
+ ...                  Write-Host ("  " + $Tag + ": " + ($val ?? '')) -Fore ...
+                                                                  ~
The Try statement is missing its Catch or Finally block.

At C:\Users\cmand\OneDrive\Desktop\cmd\termUIPrograms\tagScanner\powershell\modules\TagScanner.ps1:557 char:38
+             if ($script:metaflacCmd) {
+                                      ~
Missing closing '}' in statement block or type definition.

At C:\Users\cmand\OneDrive\Desktop\cmd\termUIPrograms\tagScanner\powershell\modules\TagScanner.ps1:556 char:42
+         if ($file.Extension -eq '.flac') {
+                                          ~
Missing closing '}' in statement block or type definition.

At C:\Users\cmand\OneDrive\Desktop\cmd\termUIPrograms\tagScanner\powershell\modules\TagScanner.ps1:554 char:31
+     foreach ($file in $files) {
+                               ~
Missing closing '}' in statement block or type definition.

At C:\Users\cmand\OneDrive\Desktop\cmd\termUIPrograms\tagScanner\powershell\modules\TagScanner.ps1:544 char:28
+ function Start-ReadModeTag {
+                            ~
Missing closing '}' in statement block or type definition.

At C:\Users\cmand\OneDrive\Desktop\cmd\termUIPrograms\tagScanner\powershell\modules\TagScanner.ps1:561 char:65
+ ...                 Write-Host ("  " + $Tag + ": " + ($val ?? '')) -Foreg ...
+                                                                 ~
Unexpected token ')' in expression or statement.

At C:\Users\cmand\OneDrive\Desktop\cmd\termUIPrograms\tagScanner\powershell\modules\TagScanner.ps1:561 char:66
+ ...                Write-Host ("  " + $Tag + ": " + ($val ?? '')) -Foregr ...
+                                                                 ~
Unexpected token ')' in expression or statement.

Not all parse errors were reported.  Correct the reported errors and try again.
[2025-12-11 12:48:03] ERROR: Script execution failed: At C:\Users\cmand\OneDrive\Desktop\cmd\termUIPrograms\tagScanner\powershell\modules\TagScanner.ps1:561 char:60
+                     Write-Host ("  " + $Tag + ": " + ($val ?? '')) -F ...
+                                                            ~~
Unexpected token '??' in expression or statement.

At C:\Users\cmand\OneDrive\Desktop\cmd\termUIPrograms\tagScanner\powershell\modules\TagScanner.ps1:561 char:59
+                     Write-Host ("  " + $Tag + ": " + ($val ?? '')) -F ...
+                                                           ~
Missing closing ')' in expression.

At C:\Users\cmand\OneDrive\Desktop\cmd\termUIPrograms\tagScanner\powershell\modules\TagScanner.ps1:558 char:21
+                 try {
+                     ~
Missing closing '}' in statement block or type definition.

At C:\Users\cmand\OneDrive\Desktop\cmd\termUIPrograms\tagScanner\powershell\modules\TagScanner.ps1:561 char:65
+ ...                  Write-Host ("  " + $Tag + ": " + ($val ?? '')) -Fore ...
+                                                                  ~
The Try statement is missing its Catch or Finally block.

At C:\Users\cmand\OneDrive\Desktop\cmd\termUIPrograms\tagScanner\powershell\modules\TagScanner.ps1:557 char:38
+             if ($script:metaflacCmd) {
+                                      ~
Missing closing '}' in statement block or type definition.

At C:\Users\cmand\OneDrive\Desktop\cmd\termUIPrograms\tagScanner\powershell\modules\TagScanner.ps1:556 char:42
+         if ($file.Extension -eq '.flac') {
+                                          ~
Missing closing '}' in statement block or type definition.

At C:\Users\cmand\OneDrive\Desktop\cmd\termUIPrograms\tagScanner\powershell\modules\TagScanner.ps1:554 char:31
+     foreach ($file in $files) {
+                               ~
Missing closing '}' in statement block or type definition.

At C:\Users\cmand\OneDrive\Desktop\cmd\termUIPrograms\tagScanner\powershell\modules\TagScanner.ps1:544 char:28
+ function Start-ReadModeTag {
+                            ~
Missing closing '}' in statement block or type definition.

At C:\Users\cmand\OneDrive\Desktop\cmd\termUIPrograms\tagScanner\powershell\modules\TagScanner.ps1:561 char:65
+ ...                 Write-Host ("  " + $Tag + ": " + ($val ?? '')) -Foreg ...
+                                                                 ~
Unexpected token ')' in expression or statement.

At C:\Users\cmand\OneDrive\Desktop\cmd\termUIPrograms\tagScanner\powershell\modules\TagScanner.ps1:561 char:66
+ ...                Write-Host ("  " + $Tag + ": " + ($val ?? '')) -Foregr ...
+                                                                 ~
Unexpected token ')' in expression or statement.

Not all parse errors were reported.  Correct the reported errors and try again.
[2025-12-11 13:06:10] ERROR: Script not found: C:\Users\cmand\OneDrive\Desktop\cmd\termUIPrograms\tagScanner\powershell\..\buttons\mainUI\Dependencies.ps1
[2025-12-11 13:19:43] ERROR: Script execution failed: At C:\Users\cmand\OneDrive\Desktop\cmd\termUIPrograms\tagScanner\buttons\mainUI\Dependencies\Auto Download.ps1:94 char:54
+ $null = $host.UI.RawUI.ReadKey("NoEcho,IncludeKeyDown")
+                                                      ~~
The string is missing the terminator: ".

At C:\Users\cmand\OneDrive\Desktop\cmd\termUIPrograms\tagScanner\buttons\mainUI\Dependencies\Auto Download.ps1:85 char:8
+ } else {
+        ~
Missing closing '}' in statement block or type definition.

At C:\Users\cmand\OneDrive\Desktop\cmd\termUIPrograms\tagScanner\buttons\mainUI\Dependencies\Auto Download.ps1:61 char:12
+     } else {
+            ~
Missing closing '}' in statement block or type definition.

At C:\Users\cmand\OneDrive\Desktop\cmd\termUIPrograms\tagScanner\buttons\mainUI\Dependencies\Auto Download.ps1:45 char:37
+ foreach ($file in $filesToDownload) {
+                                     ~
Missing closing '}' in statement block or type definition.
[2025-12-11 13:20:25] ERROR: Script execution failed: At C:\Users\cmand\OneDrive\Desktop\cmd\termUIPrograms\tagScanner\buttons\mainUI\Dependencies\Auto Download.ps1:94 char:54
+ $null = $host.UI.RawUI.ReadKey("NoEcho,IncludeKeyDown")
+                                                      ~~
The string is missing the terminator: ".

At C:\Users\cmand\OneDrive\Desktop\cmd\termUIPrograms\tagScanner\buttons\mainUI\Dependencies\Auto Download.ps1:85 char:8
+ } else {
+        ~
Missing closing '}' in statement block or type definition.

At C:\Users\cmand\OneDrive\Desktop\cmd\termUIPrograms\tagScanner\buttons\mainUI\Dependencies\Auto Download.ps1:61 char:12
+     } else {
+            ~
Missing closing '}' in statement block or type definition.

At C:\Users\cmand\OneDrive\Desktop\cmd\termUIPrograms\tagScanner\buttons\mainUI\Dependencies\Auto Download.ps1:45 char:37
+ foreach ($file in $filesToDownload) {
+                                     ~
Missing closing '}' in statement block or type definition.
[2025-12-11 13:37:06] ERROR: Script execution failed: Illegal characters in path.
[2025-12-11 13:37:18] ERROR: Script execution failed: Illegal characters in path.
[2025-12-11 13:51:34] ERROR: Script execution failed: At C:\Users\cmand\OneDrive\Desktop\cmd\termUIPrograms\tagScanner\buttons\mainUI\About.ps1:35 char:54
+ $null = $host.UI.RawUI.ReadKey("NoEcho,IncludeKeyDown")
+                                                      ~~
The string is missing the terminator: ".
[2025-12-12 11:39:26] ERROR: The variable '$script:buttonsRoot' cannot be retrieved because it has not been set.
[2025-12-12 11:39:59] ERROR: The variable '$script:buttonsRoot' cannot be retrieved because it has not been set.
[2025-12-12 21:25:27] ERROR: Script execution failed: The term 'Test-Dependencies' is not recognized as the name of a cmdlet, function, script file, or operable program. Check the spelling of the name, or if a path was included, verify that the path is correct and try again.
[2025-12-12 21:26:04] ERROR: Script execution failed: The term 'Test-Dependencies' is not recognized as the name of a cmdlet, function, script file, or operable program. Check the spelling of the name, or if a path was included, verify that the path is correct and try again.
[2025-12-12 21:33:12] ERROR: Script execution failed: The term 'Test-Dependencies' is not recognized as the name of a cmdlet, function, script file, or operable program. Check the spelling of the name, or if a path was included, verify that the path is correct and try again.
[2025-12-12 21:56:27] ERROR: Script execution failed: The term 'Test-Dependencies' is not recognized as the name of a cmdlet, function, script file, or operable program. Check the spelling of the name, or if a path was included, verify that the path is correct and try again.
[2025-12-12 22:08:31] ERROR: Script execution failed: At C:\cmdPrograms\cmd\termUIPrograms\tagScanner\powershell\modules\TagScanner.ps1:409 char:1
+ }
+ ~
Unexpected token '}' in expression or statement.
[2025-12-12 22:09:35] ERROR: Script execution failed: At C:\cmdPrograms\cmd\termUIPrograms\tagScanner\powershell\modules\TagScanner.ps1:255 char:1
+ }
+ ~
Unexpected token '}' in expression or statement.
[2025-12-12 22:10:14] ERROR: Script execution failed: At C:\cmdPrograms\cmd\termUIPrograms\tagScanner\powershell\modules\TagScanner.ps1:362 char:1
+ }
+ ~
Unexpected token '}' in expression or statement.
[2025-12-12 22:11:44] ERROR: Script execution failed: At C:\cmdPrograms\cmd\termUIPrograms\tagScanner\powershell\modules\TagScanner.ps1:368 char:1
+ }
+ ~
Unexpected token '}' in expression or statement.
[2025-12-12 22:12:24] ERROR: Script execution failed: At C:\cmdPrograms\cmd\termUIPrograms\tagScanner\powershell\modules\TagScanner.ps1:102 char:9
+         } catch { Write-Host "  [ERROR] $($file.Name): $_" -Foregroun ...
+         ~
Unexpected token '}' in expression or statement.

At C:\cmdPrograms\cmd\termUIPrograms\tagScanner\powershell\modules\TagScanner.ps1:103 char:5
+     }
+     ~
Unexpected token '}' in expression or statement.

At C:\cmdPrograms\cmd\termUIPrograms\tagScanner\powershell\modules\TagScanner.ps1:105 char:1
+ }
+ ~
Unexpected token '}' in expression or statement.

At C:\cmdPrograms\cmd\termUIPrograms\tagScanner\powershell\modules\TagScanner.ps1:232 char:38
+     elseif ($fileTypeChoice -eq "2") {
+                                      ~
Unexpected token '{' in expression or statement.

At C:\cmdPrograms\cmd\termUIPrograms\tagScanner\powershell\modules\TagScanner.ps1:360 char:1
+ }
+ ~
Unexpected token '}' in expression or statement.
[2025-12-12 22:13:18] ERROR: Script execution failed: At C:\cmdPrograms\cmd\termUIPrograms\tagScanner\powershell\modules\TagScanner.ps1:93 char:9
+         } catch { Write-Host "  [ERROR] $($file.Name): $_" -Foregroun ...
+         ~
Unexpected token '}' in expression or statement.

At C:\cmdPrograms\cmd\termUIPrograms\tagScanner\powershell\modules\TagScanner.ps1:94 char:5
+     }
+     ~
Unexpected token '}' in expression or statement.

At C:\cmdPrograms\cmd\termUIPrograms\tagScanner\powershell\modules\TagScanner.ps1:96 char:1
+ }
+ ~
Unexpected token '}' in expression or statement.

At C:\cmdPrograms\cmd\termUIPrograms\tagScanner\powershell\modules\TagScanner.ps1:223 char:38
+     elseif ($fileTypeChoice -eq "2") {
+                                      ~
Unexpected token '{' in expression or statement.

At C:\cmdPrograms\cmd\termUIPrograms\tagScanner\powershell\modules\TagScanner.ps1:351 char:1
+ }
+ ~
Unexpected token '}' in expression or statement.
[2025-12-12 22:14:58] ERROR: Script execution failed: The variable '$dir' cannot be retrieved because it has not been set.
[2025-12-12 22:16:21] ERROR: Script execution failed: At C:\cmdPrograms\cmd\termUIPrograms\tagScanner\powershell\modules\TagScanner.ps1:93 char:5
+     }
+     ~
Unexpected token '}' in expression or statement.

At C:\cmdPrograms\cmd\termUIPrograms\tagScanner\powershell\modules\TagScanner.ps1:96 char:1
+ }
+ ~
Unexpected token '}' in expression or statement.
[2025-12-12 22:16:53] ERROR: Script execution failed: At C:\cmdPrograms\cmd\termUIPrograms\tagScanner\powershell\modules\TagScanner.ps1:102 char:9
+         } elseif ($file.Extension -eq '.mp3' -and $script:taglibLoade ...
+         ~
Unexpected token '}' in expression or statement.

At C:\cmdPrograms\cmd\termUIPrograms\tagScanner\powershell\modules\TagScanner.ps1:102 char:73
+ ...     } elseif ($file.Extension -eq '.mp3' -and $script:taglibLoaded) {
+                                                                         ~
Unexpected token '{' in expression or statement.

At C:\cmdPrograms\cmd\termUIPrograms\tagScanner\powershell\modules\TagScanner.ps1:114 char:5
+     }
+     ~
Unexpected token '}' in expression or statement.

At C:\cmdPrograms\cmd\termUIPrograms\tagScanner\powershell\modules\TagScanner.ps1:117 char:1
+ }
+ ~
Unexpected token '}' in expression or statement.
[2025-12-12 22:17:30] ERROR: Script execution failed: At C:\cmdPrograms\cmd\termUIPrograms\tagScanner\powershell\modules\TagScanner.ps1:102 char:9
+         } elseif ($file.Extension -eq '.mp3' -and $script:taglibLoade ...
+         ~
Unexpected token '}' in expression or statement.

At C:\cmdPrograms\cmd\termUIPrograms\tagScanner\powershell\modules\TagScanner.ps1:102 char:73
+ ...     } elseif ($file.Extension -eq '.mp3' -and $script:taglibLoaded) {
+                                                                         ~
Unexpected token '{' in expression or statement.

At C:\cmdPrograms\cmd\termUIPrograms\tagScanner\powershell\modules\TagScanner.ps1:114 char:5
+     }
+     ~
Unexpected token '}' in expression or statement.

At C:\cmdPrograms\cmd\termUIPrograms\tagScanner\powershell\modules\TagScanner.ps1:117 char:1
+ }
+ ~
Unexpected token '}' in expression or statement.
[2025-12-12 22:18:47] ERROR: Script execution failed: At C:\cmdPrograms\cmd\termUIPrograms\tagScanner\powershell\modules\TagScanner.ps1:101 char:9
+         } elseif ($file.Extension -eq '.mp3' -and $script:taglibLoade ...
+         ~
Unexpected token '}' in expression or statement.

At C:\cmdPrograms\cmd\termUIPrograms\tagScanner\powershell\modules\TagScanner.ps1:101 char:73
+ ...     } elseif ($file.Extension -eq '.mp3' -and $script:taglibLoaded) {
+                                                                         ~
Unexpected token '{' in expression or statement.

At C:\cmdPrograms\cmd\termUIPrograms\tagScanner\powershell\modules\TagScanner.ps1:113 char:5
+     }
+     ~
Unexpected token '}' in expression or statement.

At C:\cmdPrograms\cmd\termUIPrograms\tagScanner\powershell\modules\TagScanner.ps1:116 char:1
+ }
+ ~
Unexpected token '}' in expression or statement.
[2025-12-12 22:19:22] ERROR: Script execution failed: At C:\cmdPrograms\cmd\termUIPrograms\tagScanner\powershell\modules\TagScanner.ps1:10 char:1
+ }
+ ~
Unexpected token '}' in expression or statement.
[2025-12-12 22:19:56] ERROR: Script execution failed: At C:\cmdPrograms\cmd\termUIPrograms\tagScanner\powershell\modules\TagScanner.ps1:97 char:5
+     }
+     ~
Unexpected token '}' in expression or statement.

At C:\cmdPrograms\cmd\termUIPrograms\tagScanner\powershell\modules\TagScanner.ps1:147 char:1
+ }
+ ~
Unexpected token '}' in expression or statement.

At C:\cmdPrograms\cmd\termUIPrograms\tagScanner\powershell\modules\TagScanner.ps1:91 char:9
+         'AlbumArtist' = 'ALBUMARTIST'
+         ~~~~~~~~~~~~~
The assignment expression is not valid. The input to an assignment operator must be an object that is able to accept assignments, such as a variable or a property.

At C:\cmdPrograms\cmd\termUIPrograms\tagScanner\powershell\modules\TagScanner.ps1:92 char:9
+         'ISRC' = 'ISRC'
+         ~~~~~~
The assignment expression is not valid. The input to an assignment operator must be an object that is able to accept assignments, such as a variable or a property.

At C:\cmdPrograms\cmd\termUIPrograms\tagScanner\powershell\modules\TagScanner.ps1:93 char:9
+         'Publisher' = 'ORGANIZATION'
+         ~~~~~~~~~~~
The assignment expression is not valid. The input to an assignment operator must be an object that is able to accept assignments, such as a variable or a property.

At C:\cmdPrograms\cmd\termUIPrograms\tagScanner\powershell\modules\TagScanner.ps1:94 char:9
+         'Conductor' = 'CONDUCTOR'
+         ~~~~~~~~~~~
The assignment expression is not valid. The input to an assignment operator must be an object that is able to accept assignments, such as a variable or a property.

At C:\cmdPrograms\cmd\termUIPrograms\tagScanner\powershell\modules\TagScanner.ps1:95 char:9
+         'EncodedBy' = 'ENCODEDBY'
+         ~~~~~~~~~~~
The assignment expression is not valid. The input to an assignment operator must be an object that is able to accept assignments, such as a variable or a property.

At C:\cmdPrograms\cmd\termUIPrograms\tagScanner\powershell\modules\TagScanner.ps1:96 char:9
+         'Copyright' = 'COPYRIGHT'
+         ~~~~~~~~~~~
The assignment expression is not valid. The input to an assignment operator must be an object that is able to accept assignments, such as a variable or a property.
[2025-12-12 22:29:46] ERROR: The property 'key' cannot be found on this object. Verify that the property exists.
[2025-12-12 22:32:39] ERROR: Script execution failed: The term 'Start-ReadModeTag' is not recognized as the name of a cmdlet, function, script file, or operable program. Check the spelling of the name, or if a path was included, verify that the path is correct and try again.
[2025-12-12 22:39:15] ERROR: The property 'key' cannot be found on this object. Verify that the property exists.
[2025-12-12 22:39:59] ERROR: Script execution failed: The term 'Start-WriteModeTag' is not recognized as the name of a cmdlet, function, script file, or operable program. Check the spelling of the name, or if a path was included, verify that the path is correct and try again.
[2025-12-12 22:39:59] ERROR: The property 'key' cannot be found on this object. Verify that the property exists.
[2025-12-12 22:40:23] ERROR: The property 'key' cannot be found on this object. Verify that the property exists.
[2025-12-12 22:41:00] ERROR: Script execution failed: The property 'tempTarget' cannot be found on this object. Verify that the property exists.
[2025-12-12 22:46:10] ERROR: Script execution failed: The term 'Check-Dependencies' is not recognized as the name of a cmdlet, function, script file, or operable program. Check the spelling of the name, or if a path was included, verify that the path is correct and try again.
[2025-12-12 22:46:59] ERROR: The property 'key' cannot be found on this object. Verify that the property exists.
[2025-12-12 22:51:53] ERROR: The property 'key' cannot be found on this object. Verify that the property exists.
[2025-12-12 22:54:47] ERROR: The property 'key' cannot be found on this object. Verify that the property exists.
[2025-12-12 22:55:27] ERROR: The property 'key' cannot be found on this object. Verify that the property exists.
[2025-12-12 22:56:08] ERROR: Script execution failed: The term 'Start-ReadModeTag' is not recognized as the name of a cmdlet, function, script file, or operable program. Check the spelling of the name, or if a path was included, verify that the path is correct and try again.
[2025-12-12 23:07:08] ERROR: The process cannot access the file 'C:\cmdPrograms\cmd\termUIPrograms\tagScanner\_bin\_debug\logs\input.log' because it is being used by another process.
